
*** Running vivado
    with args -log Snake_Game.vds -m64 -product Vivado -mode batch -messageDb vivado.pb -notrace -source Snake_Game.tcl



****** Vivado v2023.1.1 (64-bit)
  **** SW Build 3900603 on Fri Jun 16 19:31:24 MDT 2023
  **** IP Build 3900379 on Sat Jun 17 05:28:05 MDT 2023
  **** SharedData Build 3899622 on Fri Jun 16 03:34:24 MDT 2023
    ** Copyright 1986-2022 Xilinx, Inc. All Rights Reserved.
    ** Copyright 2022-2023 Advanced Micro Devices, Inc. All Rights Reserved.

source Snake_Game.tcl -notrace
create_project: Time (s): cpu = 00:00:05 ; elapsed = 00:00:05 . Memory (MB): peak = 1494.250 ; gain = 155.160
Command: synth_design -top Snake_Game -part xc7a35tcpg236-1
Starting synth_design
Attempting to get a license for feature 'Synthesis' and/or device 'xc7a35t'
INFO: [Common 17-349] Got license for feature 'Synthesis' and/or device 'xc7a35t'
INFO: [Device 21-403] Loading part xc7a35tcpg236-1
INFO: [Synth 8-7079] Multithreading enabled for synth_design using a maximum of 2 processes.
INFO: [Synth 8-7078] Launching helper process for spawning children vivado processes
INFO: [Synth 8-7075] Helper process launched with PID 10620
---------------------------------------------------------------------------------
Starting RTL Elaboration : Time (s): cpu = 00:00:05 ; elapsed = 00:00:05 . Memory (MB): peak = 2308.047 ; gain = 409.840
---------------------------------------------------------------------------------
INFO: [Synth 8-6157] synthesizing module 'Snake_Game' [C:/Users/micro/Snake_Game/Snake_Game.srcs/sources_1/imports/Downloads/Snake_Game.v:3]
INFO: [Synth 8-6157] synthesizing module 'VGA_Driver' [C:/Users/micro/Snake_Game/Snake_Game.srcs/sources_1/imports/Downloads/VGA_Driver.v:3]
INFO: [Synth 8-6155] done synthesizing module 'VGA_Driver' (0#1) [C:/Users/micro/Snake_Game/Snake_Game.srcs/sources_1/imports/Downloads/VGA_Driver.v:3]
INFO: [Synth 8-6157] synthesizing module 'Pixel_Driver' [C:/Users/micro/Snake_Game/Snake_Game.srcs/sources_1/imports/Downloads/Pixel_Driver.v:3]
INFO: [Synth 8-155] case statement is not full and has no default [C:/Users/micro/Snake_Game/Snake_Game.srcs/sources_1/imports/Downloads/Pixel_Driver.v:183]
INFO: [Synth 8-6155] done synthesizing module 'Pixel_Driver' (0#1) [C:/Users/micro/Snake_Game/Snake_Game.srcs/sources_1/imports/Downloads/Pixel_Driver.v:3]
INFO: [Synth 8-6155] done synthesizing module 'Snake_Game' (0#1) [C:/Users/micro/Snake_Game/Snake_Game.srcs/sources_1/imports/Downloads/Snake_Game.v:3]
WARNING: [Synth 8-3917] design Snake_Game has port seg_addr[3] driven by constant 1
WARNING: [Synth 8-3917] design Snake_Game has port seg_addr[2] driven by constant 1
WARNING: [Synth 8-3917] design Snake_Game has port seg_addr[1] driven by constant 1
WARNING: [Synth 8-3917] design Snake_Game has port seg_addr[0] driven by constant 1
---------------------------------------------------------------------------------
Finished RTL Elaboration : Time (s): cpu = 00:00:07 ; elapsed = 00:00:08 . Memory (MB): peak = 2448.633 ; gain = 550.426
---------------------------------------------------------------------------------
---------------------------------------------------------------------------------
Start Handling Custom Attributes
---------------------------------------------------------------------------------
---------------------------------------------------------------------------------
Finished Handling Custom Attributes : Time (s): cpu = 00:00:07 ; elapsed = 00:00:08 . Memory (MB): peak = 2448.633 ; gain = 550.426
---------------------------------------------------------------------------------
---------------------------------------------------------------------------------
Finished RTL Optimization Phase 1 : Time (s): cpu = 00:00:07 ; elapsed = 00:00:08 . Memory (MB): peak = 2448.633 ; gain = 550.426
---------------------------------------------------------------------------------
Netlist sorting complete. Time (s): cpu = 00:00:00 ; elapsed = 00:00:00.098 . Memory (MB): peak = 2448.633 ; gain = 0.000
INFO: [Project 1-570] Preparing netlist for logic optimization

Processing XDC Constraints
Initializing timing engine
Parsing XDC File [C:/Users/micro/Snake_Game/Snake_Game.srcs/constrs_1/imports/Downloads/Snake_Game_Constraints.xdc]
Finished Parsing XDC File [C:/Users/micro/Snake_Game/Snake_Game.srcs/constrs_1/imports/Downloads/Snake_Game_Constraints.xdc]
INFO: [Project 1-236] Implementation specific constraints were found while reading constraint file [C:/Users/micro/Snake_Game/Snake_Game.srcs/constrs_1/imports/Downloads/Snake_Game_Constraints.xdc]. These constraints will be ignored for synthesis but will be used in implementation. Impacted constraints are listed in the file [.Xil/Snake_Game_propImpl.xdc].
Resolution: To avoid this warning, move constraints listed in [.Xil/Snake_Game_propImpl.xdc] to another XDC file and exclude this new file from synthesis with the used_in_synthesis property (File Properties dialog in GUI) and re-run elaboration/synthesis.
Completed Processing XDC Constraints

Netlist sorting complete. Time (s): cpu = 00:00:00 ; elapsed = 00:00:00.002 . Memory (MB): peak = 2506.516 ; gain = 0.000
INFO: [Project 1-111] Unisim Transformation Summary:
No Unisim elements were transformed.

Constraint Validation Runtime : Time (s): cpu = 00:00:00 ; elapsed = 00:00:00.016 . Memory (MB): peak = 2506.516 ; gain = 0.000
---------------------------------------------------------------------------------
Finished Constraint Validation : Time (s): cpu = 00:00:15 ; elapsed = 00:00:16 . Memory (MB): peak = 2506.516 ; gain = 608.309
---------------------------------------------------------------------------------
---------------------------------------------------------------------------------
Start Loading Part and Timing Information
---------------------------------------------------------------------------------
Loading part: xc7a35tcpg236-1
---------------------------------------------------------------------------------
Finished Loading Part and Timing Information : Time (s): cpu = 00:00:15 ; elapsed = 00:00:16 . Memory (MB): peak = 2506.516 ; gain = 608.309
---------------------------------------------------------------------------------
---------------------------------------------------------------------------------
Start Applying 'set_property' XDC Constraints
---------------------------------------------------------------------------------
---------------------------------------------------------------------------------
Finished applying 'set_property' XDC Constraints : Time (s): cpu = 00:00:15 ; elapsed = 00:00:16 . Memory (MB): peak = 2506.516 ; gain = 608.309
---------------------------------------------------------------------------------
INFO: [Synth 8-802] inferred FSM for state register 'state_reg' in module 'Pixel_Driver'
---------------------------------------------------------------------------------------------------
                   State |                     New Encoding |                Previous Encoding 
---------------------------------------------------------------------------------------------------
                    IDLE |                              001 |                               00
                  ACTIVE |                              010 |                               01
               GAME_OVER |                              100 |                               10
---------------------------------------------------------------------------------------------------
INFO: [Synth 8-3354] encoded FSM with state register 'state_reg' using encoding 'one-hot' in module 'Pixel_Driver'
---------------------------------------------------------------------------------
Finished RTL Optimization Phase 2 : Time (s): cpu = 00:00:17 ; elapsed = 00:00:18 . Memory (MB): peak = 2506.516 ; gain = 608.309
---------------------------------------------------------------------------------
---------------------------------------------------------------------------------
Start RTL Component Statistics 
---------------------------------------------------------------------------------
Detailed RTL Component Info : 
+---Adders : 
	   2 Input   24 Bit       Adders := 1     
	   2 Input   12 Bit       Adders := 1     
	   2 Input   11 Bit       Adders := 205   
	   2 Input   10 Bit       Adders := 6     
	   2 Input    6 Bit       Adders := 2     
	   2 Input    2 Bit       Adders := 1     
+---Registers : 
	               27 Bit    Registers := 1     
	               12 Bit    Registers := 1     
	               10 Bit    Registers := 206   
	                6 Bit    Registers := 4     
	                2 Bit    Registers := 2     
	                1 Bit    Registers := 20    
+---Muxes : 
	   3 Input   27 Bit        Muxes := 1     
	   5 Input   27 Bit        Muxes := 1     
	 105 Input   12 Bit        Muxes := 1     
	   3 Input   11 Bit        Muxes := 1     
	   3 Input   10 Bit        Muxes := 2     
	   4 Input   10 Bit        Muxes := 2     
	   2 Input   10 Bit        Muxes := 4     
	   2 Input    6 Bit        Muxes := 2     
	   3 Input    2 Bit        Muxes := 1     
	   2 Input    2 Bit        Muxes := 4     
	 101 Input    1 Bit        Muxes := 1     
	   3 Input    1 Bit        Muxes := 11    
	   2 Input    1 Bit        Muxes := 10    
	   4 Input    1 Bit        Muxes := 2     
---------------------------------------------------------------------------------
Finished RTL Component Statistics 
---------------------------------------------------------------------------------
---------------------------------------------------------------------------------
Start Part Resource Summary
---------------------------------------------------------------------------------
Part Resources:
DSPs: 90 (col length:60)
BRAMs: 100 (col length: RAMB18 60 RAMB36 30)
---------------------------------------------------------------------------------
Finished Part Resource Summary
---------------------------------------------------------------------------------
---------------------------------------------------------------------------------
Start Cross Boundary and Area Optimization
---------------------------------------------------------------------------------
WARNING: [Synth 8-7080] Parallel synthesis criteria is not met
WARNING: [Synth 8-3917] design Snake_Game has port seg_addr[3] driven by constant 1
WARNING: [Synth 8-3917] design Snake_Game has port seg_addr[2] driven by constant 1
WARNING: [Synth 8-3917] design Snake_Game has port seg_addr[1] driven by constant 1
WARNING: [Synth 8-3917] design Snake_Game has port seg_addr[0] driven by constant 1
---------------------------------------------------------------------------------
Finished Cross Boundary and Area Optimization : Time (s): cpu = 00:00:40 ; elapsed = 00:00:42 . Memory (MB): peak = 2506.516 ; gain = 608.309
---------------------------------------------------------------------------------
---------------------------------------------------------------------------------
Start Applying XDC Timing Constraints
---------------------------------------------------------------------------------
---------------------------------------------------------------------------------
Finished Applying XDC Timing Constraints : Time (s): cpu = 00:00:45 ; elapsed = 00:00:47 . Memory (MB): peak = 2506.516 ; gain = 608.309
---------------------------------------------------------------------------------
---------------------------------------------------------------------------------
Start Timing Optimization
---------------------------------------------------------------------------------
info: optimization accepted worst group hill climbing move (1746.0/oG.CP 1280.0ps)
---------------------------------------------------------------------------------
Finished Timing Optimization : Time (s): cpu = 00:01:48 ; elapsed = 00:01:51 . Memory (MB): peak = 2799.629 ; gain = 901.422
---------------------------------------------------------------------------------
---------------------------------------------------------------------------------
Start Technology Mapping
---------------------------------------------------------------------------------
---------------------------------------------------------------------------------
Finished Technology Mapping : Time (s): cpu = 00:01:51 ; elapsed = 00:01:53 . Memory (MB): peak = 2817.695 ; gain = 919.488
---------------------------------------------------------------------------------
---------------------------------------------------------------------------------
Start IO Insertion
---------------------------------------------------------------------------------
---------------------------------------------------------------------------------
Start Flattening Before IO Insertion
---------------------------------------------------------------------------------
---------------------------------------------------------------------------------
Finished Flattening Before IO Insertion
---------------------------------------------------------------------------------
---------------------------------------------------------------------------------
Start Final Netlist Cleanup
---------------------------------------------------------------------------------
---------------------------------------------------------------------------------
Finished Final Netlist Cleanup
---------------------------------------------------------------------------------
---------------------------------------------------------------------------------
Finished IO Insertion : Time (s): cpu = 00:01:55 ; elapsed = 00:01:57 . Memory (MB): peak = 2817.695 ; gain = 919.488
---------------------------------------------------------------------------------
---------------------------------------------------------------------------------
Start Renaming Generated Instances
---------------------------------------------------------------------------------
---------------------------------------------------------------------------------
Finished Renaming Generated Instances : Time (s): cpu = 00:01:55 ; elapsed = 00:01:57 . Memory (MB): peak = 2817.695 ; gain = 919.488
---------------------------------------------------------------------------------
---------------------------------------------------------------------------------
Start Rebuilding User Hierarchy
---------------------------------------------------------------------------------
---------------------------------------------------------------------------------
Finished Rebuilding User Hierarchy : Time (s): cpu = 00:01:55 ; elapsed = 00:01:58 . Memory (MB): peak = 2817.695 ; gain = 919.488
---------------------------------------------------------------------------------
---------------------------------------------------------------------------------
Start Renaming Generated Ports
---------------------------------------------------------------------------------
---------------------------------------------------------------------------------
Finished Renaming Generated Ports : Time (s): cpu = 00:01:55 ; elapsed = 00:01:58 . Memory (MB): peak = 2817.695 ; gain = 919.488
---------------------------------------------------------------------------------
---------------------------------------------------------------------------------
Start Handling Custom Attributes
---------------------------------------------------------------------------------
---------------------------------------------------------------------------------
Finished Handling Custom Attributes : Time (s): cpu = 00:01:55 ; elapsed = 00:01:58 . Memory (MB): peak = 2817.695 ; gain = 919.488
---------------------------------------------------------------------------------
---------------------------------------------------------------------------------
Start Renaming Generated Nets
---------------------------------------------------------------------------------
---------------------------------------------------------------------------------
Finished Renaming Generated Nets : Time (s): cpu = 00:01:55 ; elapsed = 00:01:58 . Memory (MB): peak = 2817.695 ; gain = 919.488
---------------------------------------------------------------------------------
---------------------------------------------------------------------------------
Start Writing Synthesis Report
---------------------------------------------------------------------------------

Report BlackBoxes: 
+-+--------------+----------+
| |BlackBox name |Instances |
+-+--------------+----------+
+-+--------------+----------+

Report Cell Usage: 
+------+-------+------+
|      |Cell   |Count |
+------+-------+------+
|1     |BUFG   |     1|
|2     |CARRY4 |  1024|
|3     |LUT1   |     4|
|4     |LUT2   |  1868|
|5     |LUT3   |    49|
|6     |LUT4   |  2742|
|7     |LUT5   |    76|
|8     |LUT6   |   523|
|9     |FDCE   |    82|
|10    |FDRE   |   688|
|11    |FDSE   |   611|
|12    |IBUF   |     6|
|13    |OBUF   |    18|
+------+-------+------+
---------------------------------------------------------------------------------
Finished Writing Synthesis Report : Time (s): cpu = 00:01:55 ; elapsed = 00:01:58 . Memory (MB): peak = 2817.695 ; gain = 919.488
---------------------------------------------------------------------------------
Synthesis finished with 0 errors, 0 critical warnings and 5 warnings.
Synthesis Optimization Runtime : Time (s): cpu = 00:01:45 ; elapsed = 00:01:55 . Memory (MB): peak = 2817.695 ; gain = 861.605
Synthesis Optimization Complete : Time (s): cpu = 00:01:55 ; elapsed = 00:01:58 . Memory (MB): peak = 2817.695 ; gain = 919.488
INFO: [Project 1-571] Translating synthesized netlist
Netlist sorting complete. Time (s): cpu = 00:00:00 ; elapsed = 00:00:00.090 . Memory (MB): peak = 2817.695 ; gain = 0.000
INFO: [Netlist 29-17] Analyzing 1024 Unisim elements for replacement
INFO: [Netlist 29-28] Unisim Transformation completed in 0 CPU seconds
INFO: [Project 1-570] Preparing netlist for logic optimization
INFO: [Opt 31-138] Pushed 0 inverter(s) to 0 load pin(s).
Netlist sorting complete. Time (s): cpu = 00:00:00 ; elapsed = 00:00:00.001 . Memory (MB): peak = 2817.926 ; gain = 0.000
INFO: [Project 1-111] Unisim Transformation Summary:
No Unisim elements were transformed.

Synth Design complete | Checksum: ac5521c4
INFO: [Common 17-83] Releasing license: Synthesis
24 Infos, 9 Warnings, 0 Critical Warnings and 0 Errors encountered.
synth_design completed successfully
synth_design: Time (s): cpu = 00:02:00 ; elapsed = 00:02:18 . Memory (MB): peak = 2817.926 ; gain = 1320.719
INFO: [Common 17-1381] The checkpoint 'C:/Users/micro/Snake_Game/Snake_Game.runs/synth_1/Snake_Game.dcp' has been generated.
INFO: [runtcl-4] Executing : report_utilization -file Snake_Game_utilization_synth.rpt -pb Snake_Game_utilization_synth.pb
INFO: [Common 17-206] Exiting Vivado at Wed Dec 11 11:46:29 2024...
