Copyright 1986-2022 Xilinx, Inc. All Rights Reserved. Copyright 2022-2023 Advanced Micro Devices, Inc. All Rights Reserved.
---------------------------------------------------------------------------------------------------------------------------------------------
| Tool Version : Vivado v.2023.1.1 (win64) Build 3900603 Fri Jun 16 19:31:24 MDT 2023
| Date         : Wed Dec 11 11:47:08 2024
| Host         : DESKTOP-S1G3DAF running 64-bit major release  (build 9200)
| Command      : report_drc -file Snake_Game_drc_opted.rpt -pb Snake_Game_drc_opted.pb -rpx Snake_Game_drc_opted.rpx
| Design       : Snake_Game
| Device       : xc7a35tcpg236-1
| Speed File   : -1
| Design State : Synthesized
---------------------------------------------------------------------------------------------------------------------------------------------

Report DRC

Table of Contents
-----------------
1. REPORT SUMMARY
2. REPORT DETAILS

1. REPORT SUMMARY
-----------------
            Netlist: netlist
          Floorplan: design_1
      Design limits: <entire design considered>
           Ruledeck: default
             Max violations: <unlimited>
             Violations found: 2
+-------------+----------+-------------------------------------------------------------+------------+
| Rule        | Severity | Description                                                 | Violations |
+-------------+----------+-------------------------------------------------------------+------------+
| CFGBVS-1    | Warning  | Missing CFGBVS and CONFIG_VOLTAGE Design Properties         | 1          |
| PLHOLDVIO-2 | Warning  | Non-Optimal connections which could lead to hold violations | 1          |
+-------------+----------+-------------------------------------------------------------+------------+

2. REPORT DETAILS
-----------------
CFGBVS-1#1 Warning
Missing CFGBVS and CONFIG_VOLTAGE Design Properties  
Neither the CFGBVS nor CONFIG_VOLTAGE voltage property is set in the current_design.  Configuration bank voltage select (CFGBVS) must be set to VCCO or GND, and CONFIG_VOLTAGE must be set to the correct configuration voltage, in order to determine the I/O voltage support for the pins in bank 0.  It is suggested to specify these either using the 'Edit Device Properties' function in the GUI or directly in the XDC file using the following syntax:

 set_property CFGBVS value1 [current_design]
 #where value1 is either VCCO or GND

 set_property CONFIG_VOLTAGE value2 [current_design]
 #where value2 is the voltage provided to configuration bank 0

Refer to the device configuration user guide for more information.
Related violations: <none>

PLHOLDVIO-2#1 Warning
Non-Optimal connections which could lead to hold violations  
A LUT VGA_D/rgb_reg[11]_i_1 is driving clock pin of 20 cells. This could lead to large hold time violations. Involved cells are:
VGA_D/h_count_next_reg[0], VGA_D/h_count_next_reg[1],
VGA_D/h_count_next_reg[2], VGA_D/h_count_next_reg[3],
VGA_D/h_count_next_reg[4], VGA_D/h_count_next_reg[5],
VGA_D/h_count_next_reg[6], VGA_D/h_count_next_reg[7],
VGA_D/h_count_next_reg[8], VGA_D/h_count_next_reg[9],
VGA_D/v_count_next_reg[0], VGA_D/v_count_next_reg[1],
VGA_D/v_count_next_reg[2], VGA_D/v_count_next_reg[3],
VGA_D/v_count_next_reg[4] (the first 15 of 20 listed)
Related violations: <none>


